<?xml version="1.0" encoding="UTF-8"?>
<testng-results ignored="0" total="4" passed="3" failed="1" skipped="0">
  <reporter-output>
  </reporter-output>
  <suite started-at="2024-09-01T12:34:12 BST" name="Suite" finished-at="2024-09-01T12:34:48 BST" duration-ms="35571">
    <groups>
    </groups>
    <test started-at="2024-09-01T12:34:12 BST" name="TestLoin" finished-at="2024-09-01T12:34:19 BST" duration-ms="6815">
      <class name="tests.LoginTest">
        <test-method is-config="true" signature="openApplication()[pri:0, instance:tests.LoginTest@209775a9]" started-at="2024-09-01T12:34:12 BST" name="openApplication" finished-at="2024-09-01T12:34:17 BST" duration-ms="4551" status="PASS">
          <reporter-output>
          </reporter-output>
        </test-method> <!-- openApplication -->
        <test-method signature="landingTest()[pri:0, instance:tests.LoginTest@209775a9]" started-at="2024-09-01T12:34:17 BST" name="landingTest" finished-at="2024-09-01T12:34:19 BST" duration-ms="2130" status="PASS">
          <reporter-output>
          </reporter-output>
        </test-method> <!-- landingTest -->
        <test-method is-config="true" signature="closure()[pri:0, instance:tests.LoginTest@209775a9]" started-at="2024-09-01T12:34:19 BST" name="closure" finished-at="2024-09-01T12:34:19 BST" duration-ms="89" status="PASS">
          <reporter-output>
          </reporter-output>
        </test-method> <!-- closure -->
      </class> <!-- tests.LoginTest -->
    </test> <!-- TestLoin -->
    <test started-at="2024-09-01T12:34:19 BST" name="TestDP" finished-at="2024-09-01T12:34:41 BST" duration-ms="21956">
      <class name="tests.DPLoginTest">
        <test-method is-config="true" signature="openApplication()[pri:0, instance:tests.DPLoginTest@7a138fc5]" started-at="2024-09-01T12:34:19 BST" name="openApplication" finished-at="2024-09-01T12:34:23 BST" duration-ms="3940" status="PASS">
          <reporter-output>
          </reporter-output>
        </test-method> <!-- openApplication -->
        <test-method signature="login(java.lang.String,java.lang.String,java.lang.String)[pri:0, instance:tests.DPLoginTest@7a138fc5]" started-at="2024-09-01T12:34:23 BST" name="login" data-provider="getLoginData" finished-at="2024-09-01T12:34:26 BST" duration-ms="2253" status="PASS">
          <params>
            <param index="0">
              <value>
                <![CDATA[peterwilliams3@gmail.com]]>
              </value>
            </param>
            <param index="1">
              <value>
                <![CDATA[peterwilliams1]]>
              </value>
            </param>
            <param index="2">
              <value>
                <![CDATA[Successful]]>
              </value>
            </param>
          </params>
          <reporter-output>
          </reporter-output>
        </test-method> <!-- login -->
        <test-method is-config="true" signature="closure()[pri:0, instance:tests.DPLoginTest@7a138fc5]" started-at="2024-09-01T12:34:26 BST" name="closure" finished-at="2024-09-01T12:34:26 BST" duration-ms="116" status="PASS">
          <reporter-output>
          </reporter-output>
        </test-method> <!-- closure -->
        <test-method is-config="true" signature="openApplication()[pri:0, instance:tests.DPLoginTest@7a138fc5]" started-at="2024-09-01T12:34:26 BST" name="openApplication" finished-at="2024-09-01T12:34:30 BST" duration-ms="3926" status="PASS">
          <reporter-output>
          </reporter-output>
        </test-method> <!-- openApplication -->
        <test-method signature="login(java.lang.String,java.lang.String,java.lang.String)[pri:0, instance:tests.DPLoginTest@7a138fc5]" started-at="2024-09-01T12:34:30 BST" name="login" data-provider="getLoginData" finished-at="2024-09-01T12:34:41 BST" duration-ms="11406" status="PASS">
          <params>
            <param index="0">
              <value>
                <![CDATA[peterwilliams5@gmail.com]]>
              </value>
            </param>
            <param index="1">
              <value>
                <![CDATA[williamspeter]]>
              </value>
            </param>
            <param index="2">
              <value>
                <![CDATA[Failure]]>
              </value>
            </param>
          </params>
          <reporter-output>
          </reporter-output>
        </test-method> <!-- login -->
        <test-method is-config="true" signature="closure()[pri:0, instance:tests.DPLoginTest@7a138fc5]" started-at="2024-09-01T12:34:41 BST" name="closure" finished-at="2024-09-01T12:34:41 BST" duration-ms="306" status="PASS">
          <reporter-output>
          </reporter-output>
        </test-method> <!-- closure -->
      </class> <!-- tests.DPLoginTest -->
    </test> <!-- TestDP -->
    <test started-at="2024-09-01T12:34:41 BST" name="TestReg" finished-at="2024-09-01T12:34:48 BST" duration-ms="6396">
      <class name="tests.RegistrationTest">
        <test-method is-config="true" signature="openApplication()[pri:0, instance:tests.RegistrationTest@2c95ac9e]" started-at="2024-09-01T12:34:41 BST" name="openApplication" finished-at="2024-09-01T12:34:45 BST" duration-ms="3613" status="PASS">
          <reporter-output>
          </reporter-output>
        </test-method> <!-- openApplication -->
        <test-method signature="registerTest()[pri:0, instance:tests.RegistrationTest@2c95ac9e]" started-at="2024-09-01T12:34:45 BST" name="registerTest" finished-at="2024-09-01T12:34:47 BST" duration-ms="2491" status="FAIL">
          <exception class="java.lang.AssertionError">
            <message>
              <![CDATA[expected [true] but found [false]]]>
            </message>
            <full-stacktrace>
              <![CDATA[java.lang.AssertionError: expected [true] but found [false]
at org.testng.Assert.fail(Assert.java:111)
at org.testng.Assert.failNotEquals(Assert.java:1578)
at org.testng.Assert.assertTrue(Assert.java:57)
at org.testng.Assert.assertTrue(Assert.java:67)
at tests.RegistrationTest.registerTest(RegistrationTest.java:55)
at java.base/jdk.internal.reflect.DirectMethodHandleAccessor.invoke(DirectMethodHandleAccessor.java:103)
at java.base/java.lang.reflect.Method.invoke(Method.java:580)
at org.testng.internal.invokers.MethodInvocationHelper.invokeMethod(MethodInvocationHelper.java:141)
at org.testng.internal.invokers.TestInvoker.invokeMethod(TestInvoker.java:686)
at org.testng.internal.invokers.TestInvoker.invokeTestMethod(TestInvoker.java:230)
at org.testng.internal.invokers.MethodRunner.runInSequence(MethodRunner.java:63)
at org.testng.internal.invokers.TestInvoker$MethodInvocationAgent.invoke(TestInvoker.java:992)
at org.testng.internal.invokers.TestInvoker.invokeTestMethods(TestInvoker.java:203)
at org.testng.internal.invokers.TestMethodWorker.invokeTestMethods(TestMethodWorker.java:154)
at org.testng.internal.invokers.TestMethodWorker.run(TestMethodWorker.java:134)
at java.base/java.util.ArrayList.forEach(ArrayList.java:1597)
at org.testng.TestRunner.privateRun(TestRunner.java:739)
at org.testng.TestRunner.run(TestRunner.java:614)
at org.testng.SuiteRunner.runTest(SuiteRunner.java:421)
at org.testng.SuiteRunner.runSequentially(SuiteRunner.java:413)
at org.testng.SuiteRunner.privateRun(SuiteRunner.java:373)
at org.testng.SuiteRunner.run(SuiteRunner.java:312)
at org.testng.SuiteRunnerWorker.runSuite(SuiteRunnerWorker.java:52)
at org.testng.SuiteRunnerWorker.run(SuiteRunnerWorker.java:95)
at org.testng.TestNG.runSuitesSequentially(TestNG.java:1274)
at org.testng.TestNG.runSuitesLocally(TestNG.java:1208)
at org.testng.TestNG.runSuites(TestNG.java:1112)
at org.testng.TestNG.run(TestNG.java:1079)
at org.apache.maven.surefire.testng.TestNGExecutor.run(TestNGExecutor.java:308)
at org.apache.maven.surefire.testng.TestNGXmlTestSuite.execute(TestNGXmlTestSuite.java:71)
at org.apache.maven.surefire.testng.TestNGProvider.invoke(TestNGProvider.java:113)
at org.apache.maven.surefire.booter.ForkedBooter.runSuitesInProcess(ForkedBooter.java:385)
at org.apache.maven.surefire.booter.ForkedBooter.execute(ForkedBooter.java:162)
at org.apache.maven.surefire.booter.ForkedBooter.run(ForkedBooter.java:507)
at org.apache.maven.surefire.booter.ForkedBooter.main(ForkedBooter.java:495)
]]>
            </full-stacktrace>
          </exception> <!-- java.lang.AssertionError -->
          <reporter-output>
          </reporter-output>
        </test-method> <!-- registerTest -->
        <test-method is-config="true" signature="closure()[pri:0, instance:tests.RegistrationTest@2c95ac9e]" started-at="2024-09-01T12:34:48 BST" name="closure" finished-at="2024-09-01T12:34:48 BST" duration-ms="98" status="PASS">
          <reporter-output>
          </reporter-output>
        </test-method> <!-- closure -->
      </class> <!-- tests.RegistrationTest -->
    </test> <!-- TestReg -->
  </suite> <!-- Suite -->
</testng-results>
