<?xml version="1.0" encoding="UTF-8"?>
<!-- Generated by org.testng.reporters.JUnitReportReporter -->
<testsuite hostname="WIN-251I7G81T1F" failures="0" tests="1" name="runners.TestRunner" time="0.126" errors="1" timestamp="2024-08-29T16:15:39 BST" skipped="0">
  <testcase classname="runners.TestRunner" name="setUpClass" time="0.126">
    <error message="Failed to parse resource at: file:///C:/Users/bukad/OneDrive/Desktop/Projects/SeleniumFramework/./src/test/java/features/example.feature
(1:1): expected: #EOF, #Language, #TagLine, #FeatureLine, #Comment, #Empty, got &#039;/*Feature: Application Login&#039;
(3:1): expected: #EOF, #Language, #TagLine, #FeatureLine, #Comment, #Empty, got &#039;Scenario Outline: Login with valid and invalid credentials&#039;
(5:1): expected: #EOF, #Language, #TagLine, #FeatureLine, #Comment, #Empty, got &#039;Given user opened the browser&#039;
(6:1): expected: #EOF, #Language, #TagLine, #FeatureLine, #Comment, #Empty, got &#039;And   navigate to login page&#039;
(7:1): expected: #EOF, #Language, #TagLine, #FeatureLine, #Comment, #Empty, got &#039;When  user enters Username as &lt;someusername&gt; and Password as &lt;somepassword&gt; into the fields&#039;
(8:1): expected: #EOF, #Language, #TagLine, #FeatureLine, #Comment, #Empty, got &#039;And  user clicks on login button&#039;
(9:1): expected: #EOF, #Language, #TagLine, #FeatureLine, #Comment, #Empty, got &#039;Then  user should be able to login based on &quot;&lt;expected&gt;&quot; login status&#039;
(11:1): expected: #EOF, #Language, #TagLine, #FeatureLine, #Comment, #Empty, got &#039;Examples:&#039;
(12:7): expected: #EOF, #Language, #TagLine, #FeatureLine, #Comment, #Empty, got &#039;| someusername            | somepassword  | expected  |&#039;
(13:7): expected: #EOF, #Language, #TagLine, #FeatureLine, #Comment, #Empty, got &#039;| peterwilliams3@gmail.com| peterwilliams1| success   |&#039;
(14:7): expected: #EOF, #Language, #TagLine, #FeatureLine, #Comment, #Empty, got &#039;| john@gmail.com          | test@123      | Fail      |&#039;" type="io.cucumber.core.gherkin.FeatureParserException">
      <![CDATA[io.cucumber.core.gherkin.FeatureParserException: Failed to parse resource at: file:///C:/Users/bukad/OneDrive/Desktop/Projects/SeleniumFramework/./src/test/java/features/example.feature
(1:1): expected: #EOF, #Language, #TagLine, #FeatureLine, #Comment, #Empty, got '/*Feature: Application Login'
(3:1): expected: #EOF, #Language, #TagLine, #FeatureLine, #Comment, #Empty, got 'Scenario Outline: Login with valid and invalid credentials'
(5:1): expected: #EOF, #Language, #TagLine, #FeatureLine, #Comment, #Empty, got 'Given user opened the browser'
(6:1): expected: #EOF, #Language, #TagLine, #FeatureLine, #Comment, #Empty, got 'And   navigate to login page'
(7:1): expected: #EOF, #Language, #TagLine, #FeatureLine, #Comment, #Empty, got 'When  user enters Username as <someusername> and Password as <somepassword> into the fields'
(8:1): expected: #EOF, #Language, #TagLine, #FeatureLine, #Comment, #Empty, got 'And  user clicks on login button'
(9:1): expected: #EOF, #Language, #TagLine, #FeatureLine, #Comment, #Empty, got 'Then  user should be able to login based on "<expected>" login status'
(11:1): expected: #EOF, #Language, #TagLine, #FeatureLine, #Comment, #Empty, got 'Examples:'
(12:7): expected: #EOF, #Language, #TagLine, #FeatureLine, #Comment, #Empty, got '| someusername            | somepassword  | expected  |'
(13:7): expected: #EOF, #Language, #TagLine, #FeatureLine, #Comment, #Empty, got '| peterwilliams3@gmail.com| peterwilliams1| success   |'
(14:7): expected: #EOF, #Language, #TagLine, #FeatureLine, #Comment, #Empty, got '| john@gmail.com          | test@123      | Fail      |'
at io.cucumber.core.gherkin.messages.GherkinMessagesFeatureParser.parse(GherkinMessagesFeatureParser.java:56)
at io.cucumber.core.feature.FeatureParser.parseResource(FeatureParser.java:46)
at java.base/java.util.function.BiFunction.lambda$andThen$0(BiFunction.java:70)
at io.cucumber.core.resource.ResourceScanner.lambda$processResource$1(ResourceScanner.java:79)
at io.cucumber.core.resource.PathScanner$ResourceFileVisitor.visitFile(PathScanner.java:75)
at io.cucumber.core.resource.PathScanner$ResourceFileVisitor.visitFile(PathScanner.java:60)
at java.base/java.nio.file.Files.walkFileTree(Files.java:2791)
at io.cucumber.core.resource.PathScanner.findResourcesForPath(PathScanner.java:53)
at io.cucumber.core.resource.PathScanner.findResourcesForUri(PathScanner.java:31)
at io.cucumber.core.resource.ResourceScanner.findResourcesForUri(ResourceScanner.java:61)
at io.cucumber.core.resource.ResourceScanner.scanForResourcesUri(ResourceScanner.java:134)
at io.cucumber.core.runtime.FeaturePathFeatureSupplier.loadFeatures(FeaturePathFeatureSupplier.java:62)
at io.cucumber.core.runtime.FeaturePathFeatureSupplier.get(FeaturePathFeatureSupplier.java:45)
at io.cucumber.testng.TestNGCucumberRunner.<init>(TestNGCucumberRunner.java:122)
at io.cucumber.testng.AbstractTestNGCucumberTests.setUpClass(AbstractTestNGCucumberTests.java:27)
at java.base/jdk.internal.reflect.DirectMethodHandleAccessor.invoke(DirectMethodHandleAccessor.java:103)
at java.base/java.lang.reflect.Method.invoke(Method.java:580)
at org.testng.internal.invokers.MethodInvocationHelper.invokeMethod(MethodInvocationHelper.java:141)
at org.testng.internal.invokers.MethodInvocationHelper.invokeMethodConsideringTimeout(MethodInvocationHelper.java:71)
at org.testng.internal.invokers.ConfigInvoker.invokeConfigurationMethod(ConfigInvoker.java:400)
at org.testng.internal.invokers.ConfigInvoker.invokeConfigurations(ConfigInvoker.java:333)
at org.testng.internal.invokers.TestMethodWorker.invokeBeforeClassMethods(TestMethodWorker.java:188)
at org.testng.internal.invokers.TestMethodWorker.run(TestMethodWorker.java:128)
at java.base/java.util.ArrayList.forEach(ArrayList.java:1597)
at org.testng.TestRunner.privateRun(TestRunner.java:739)
at org.testng.TestRunner.run(TestRunner.java:614)
at org.testng.SuiteRunner.runTest(SuiteRunner.java:421)
at org.testng.SuiteRunner.runSequentially(SuiteRunner.java:413)
at org.testng.SuiteRunner.privateRun(SuiteRunner.java:373)
at org.testng.SuiteRunner.run(SuiteRunner.java:312)
at org.testng.SuiteRunnerWorker.runSuite(SuiteRunnerWorker.java:52)
at org.testng.SuiteRunnerWorker.run(SuiteRunnerWorker.java:95)
at org.testng.TestNG.runSuitesSequentially(TestNG.java:1274)
at org.testng.TestNG.runSuitesLocally(TestNG.java:1208)
at org.testng.TestNG.runSuites(TestNG.java:1112)
at org.testng.TestNG.run(TestNG.java:1079)
at org.testng.remote.AbstractRemoteTestNG.run(AbstractRemoteTestNG.java:115)
at org.testng.remote.RemoteTestNG.initAndRun(RemoteTestNG.java:293)
at org.testng.remote.RemoteTestNG.main(RemoteTestNG.java:91)
]]>
    </error>
  </testcase> <!-- setUpClass -->
</testsuite> <!-- runners.TestRunner -->
